2022-03-12 10:37:36,472 0      [           main] DEBUG ache.ibatis.logging.LogFactory  - Logging initialized using 'class org.apache.ibatis.logging.log4j.Log4jImpl' adapter.
2022-03-12 10:37:36,650 178    [           main] DEBUG source.pooled.PooledDataSource  - PooledDataSource forcefully closed/removed all connections.
2022-03-12 10:37:36,650 178    [           main] DEBUG source.pooled.PooledDataSource  - PooledDataSource forcefully closed/removed all connections.
2022-03-12 10:37:36,650 178    [           main] DEBUG source.pooled.PooledDataSource  - PooledDataSource forcefully closed/removed all connections.
2022-03-12 10:37:36,651 179    [           main] DEBUG source.pooled.PooledDataSource  - PooledDataSource forcefully closed/removed all connections.
2022-03-12 10:38:36,273 0      [           main] DEBUG ache.ibatis.logging.LogFactory  - Logging initialized using 'class org.apache.ibatis.logging.log4j.Log4jImpl' adapter.
2022-03-12 10:38:36,386 113    [           main] DEBUG source.pooled.PooledDataSource  - PooledDataSource forcefully closed/removed all connections.
2022-03-12 10:38:36,386 113    [           main] DEBUG source.pooled.PooledDataSource  - PooledDataSource forcefully closed/removed all connections.
2022-03-12 10:38:36,386 113    [           main] DEBUG source.pooled.PooledDataSource  - PooledDataSource forcefully closed/removed all connections.
2022-03-12 10:38:36,386 113    [           main] DEBUG source.pooled.PooledDataSource  - PooledDataSource forcefully closed/removed all connections.
2022-03-12 10:40:18,011 0      [           main] DEBUG ache.ibatis.logging.LogFactory  - Logging initialized using 'class org.apache.ibatis.logging.log4j.Log4jImpl' adapter.
2022-03-12 10:40:18,115 104    [           main] DEBUG source.pooled.PooledDataSource  - PooledDataSource forcefully closed/removed all connections.
2022-03-12 10:40:18,115 104    [           main] DEBUG source.pooled.PooledDataSource  - PooledDataSource forcefully closed/removed all connections.
2022-03-12 10:40:18,115 104    [           main] DEBUG source.pooled.PooledDataSource  - PooledDataSource forcefully closed/removed all connections.
2022-03-12 10:40:18,115 104    [           main] DEBUG source.pooled.PooledDataSource  - PooledDataSource forcefully closed/removed all connections.
2022-03-12 10:46:58,335 0      [           main] DEBUG ache.ibatis.logging.LogFactory  - Logging initialized using 'class org.apache.ibatis.logging.log4j.Log4jImpl' adapter.
2022-03-12 10:46:58,540 205    [           main] DEBUG source.pooled.PooledDataSource  - PooledDataSource forcefully closed/removed all connections.
2022-03-12 10:46:58,540 205    [           main] DEBUG source.pooled.PooledDataSource  - PooledDataSource forcefully closed/removed all connections.
2022-03-12 10:46:58,540 205    [           main] DEBUG source.pooled.PooledDataSource  - PooledDataSource forcefully closed/removed all connections.
2022-03-12 10:46:58,540 205    [           main] DEBUG source.pooled.PooledDataSource  - PooledDataSource forcefully closed/removed all connections.
2022-03-12 10:46:59,005 0      [           main] DEBUG ache.ibatis.logging.LogFactory  - Logging initialized using 'class org.apache.ibatis.logging.log4j.Log4jImpl' adapter.
2022-03-12 10:46:59,112 107    [           main] DEBUG source.pooled.PooledDataSource  - PooledDataSource forcefully closed/removed all connections.
2022-03-12 10:46:59,113 108    [           main] DEBUG source.pooled.PooledDataSource  - PooledDataSource forcefully closed/removed all connections.
2022-03-12 10:46:59,113 108    [           main] DEBUG source.pooled.PooledDataSource  - PooledDataSource forcefully closed/removed all connections.
2022-03-12 10:46:59,113 108    [           main] DEBUG source.pooled.PooledDataSource  - PooledDataSource forcefully closed/removed all connections.
2022-03-12 10:57:33,843 0      [           main] DEBUG ache.ibatis.logging.LogFactory  - Logging initialized using 'class org.apache.ibatis.logging.log4j.Log4jImpl' adapter.
2022-03-12 10:57:33,948 105    [           main] DEBUG source.pooled.PooledDataSource  - PooledDataSource forcefully closed/removed all connections.
2022-03-12 10:57:33,949 106    [           main] DEBUG source.pooled.PooledDataSource  - PooledDataSource forcefully closed/removed all connections.
2022-03-12 10:57:33,949 106    [           main] DEBUG source.pooled.PooledDataSource  - PooledDataSource forcefully closed/removed all connections.
2022-03-12 10:57:33,949 106    [           main] DEBUG source.pooled.PooledDataSource  - PooledDataSource forcefully closed/removed all connections.
2022-03-12 10:57:59,251 0      [           main] DEBUG ache.ibatis.logging.LogFactory  - Logging initialized using 'class org.apache.ibatis.logging.log4j.Log4jImpl' adapter.
2022-03-12 10:57:59,354 103    [           main] DEBUG source.pooled.PooledDataSource  - PooledDataSource forcefully closed/removed all connections.
2022-03-12 10:57:59,354 103    [           main] DEBUG source.pooled.PooledDataSource  - PooledDataSource forcefully closed/removed all connections.
2022-03-12 10:57:59,354 103    [           main] DEBUG source.pooled.PooledDataSource  - PooledDataSource forcefully closed/removed all connections.
2022-03-12 10:57:59,354 103    [           main] DEBUG source.pooled.PooledDataSource  - PooledDataSource forcefully closed/removed all connections.
2022-03-12 10:59:34,607 0      [           main] DEBUG ache.ibatis.logging.LogFactory  - Logging initialized using 'class org.apache.ibatis.logging.log4j.Log4jImpl' adapter.
2022-03-12 10:59:34,732 125    [           main] DEBUG source.pooled.PooledDataSource  - PooledDataSource forcefully closed/removed all connections.
2022-03-12 10:59:34,732 125    [           main] DEBUG source.pooled.PooledDataSource  - PooledDataSource forcefully closed/removed all connections.
2022-03-12 10:59:34,733 126    [           main] DEBUG source.pooled.PooledDataSource  - PooledDataSource forcefully closed/removed all connections.
2022-03-12 10:59:34,733 126    [           main] DEBUG source.pooled.PooledDataSource  - PooledDataSource forcefully closed/removed all connections.
2022-03-12 10:59:34,836 229    [           main] DEBUG ansaction.jdbc.JdbcTransaction  - Opening JDBC Connection
2022-03-12 11:00:02,746 0      [           main] DEBUG ache.ibatis.logging.LogFactory  - Logging initialized using 'class org.apache.ibatis.logging.log4j.Log4jImpl' adapter.
2022-03-12 11:00:02,901 155    [           main] DEBUG source.pooled.PooledDataSource  - PooledDataSource forcefully closed/removed all connections.
2022-03-12 11:00:02,901 155    [           main] DEBUG source.pooled.PooledDataSource  - PooledDataSource forcefully closed/removed all connections.
2022-03-12 11:00:02,901 155    [           main] DEBUG source.pooled.PooledDataSource  - PooledDataSource forcefully closed/removed all connections.
2022-03-12 11:00:02,901 155    [           main] DEBUG source.pooled.PooledDataSource  - PooledDataSource forcefully closed/removed all connections.
2022-03-12 11:04:06,059 0      [           main] DEBUG ache.ibatis.logging.LogFactory  - Logging initialized using 'class org.apache.ibatis.logging.log4j.Log4jImpl' adapter.
2022-03-12 11:04:06,157 98     [           main] DEBUG source.pooled.PooledDataSource  - PooledDataSource forcefully closed/removed all connections.
2022-03-12 11:04:06,158 99     [           main] DEBUG source.pooled.PooledDataSource  - PooledDataSource forcefully closed/removed all connections.
2022-03-12 11:04:06,158 99     [           main] DEBUG source.pooled.PooledDataSource  - PooledDataSource forcefully closed/removed all connections.
2022-03-12 11:04:06,158 99     [           main] DEBUG source.pooled.PooledDataSource  - PooledDataSource forcefully closed/removed all connections.
2022-03-12 11:04:06,233 174    [           main] DEBUG ansaction.jdbc.JdbcTransaction  - Opening JDBC Connection
2022-03-12 11:07:46,149 0      [           main] DEBUG ache.ibatis.logging.LogFactory  - Logging initialized using 'class org.apache.ibatis.logging.log4j.Log4jImpl' adapter.
2022-03-12 11:07:46,258 109    [           main] DEBUG source.pooled.PooledDataSource  - PooledDataSource forcefully closed/removed all connections.
2022-03-12 11:07:46,258 109    [           main] DEBUG source.pooled.PooledDataSource  - PooledDataSource forcefully closed/removed all connections.
2022-03-12 11:07:46,258 109    [           main] DEBUG source.pooled.PooledDataSource  - PooledDataSource forcefully closed/removed all connections.
2022-03-12 11:07:46,258 109    [           main] DEBUG source.pooled.PooledDataSource  - PooledDataSource forcefully closed/removed all connections.
2022-03-12 11:07:46,335 186    [           main] DEBUG ansaction.jdbc.JdbcTransaction  - Opening JDBC Connection
2022-03-12 11:13:09,555 0      [           main] DEBUG ache.ibatis.logging.LogFactory  - Logging initialized using 'class org.apache.ibatis.logging.log4j.Log4jImpl' adapter.
2022-03-12 11:13:09,657 102    [           main] DEBUG source.pooled.PooledDataSource  - PooledDataSource forcefully closed/removed all connections.
2022-03-12 11:13:09,657 102    [           main] DEBUG source.pooled.PooledDataSource  - PooledDataSource forcefully closed/removed all connections.
2022-03-12 11:13:09,657 102    [           main] DEBUG source.pooled.PooledDataSource  - PooledDataSource forcefully closed/removed all connections.
2022-03-12 11:13:09,657 102    [           main] DEBUG source.pooled.PooledDataSource  - PooledDataSource forcefully closed/removed all connections.
2022-03-12 11:13:09,727 172    [           main] DEBUG ansaction.jdbc.JdbcTransaction  - Opening JDBC Connection
2022-03-12 11:13:09,931 376    [           main] DEBUG source.pooled.PooledDataSource  - Created connection 2025864991.
2022-03-12 11:13:09,931 376    [           main] DEBUG ansaction.jdbc.JdbcTransaction  - Setting autocommit to false on JDBC Connection [com.mysql.jdbc.JDBC4Connection@78c03f1f]
2022-03-12 11:13:09,933 378    [           main] DEBUG m.itheima.dao.IUserDao.findAll  - ==>  Preparing: select * from user 
2022-03-12 11:13:09,962 407    [           main] DEBUG m.itheima.dao.IUserDao.findAll  - ==> Parameters: 
2022-03-12 11:13:09,985 430    [           main] DEBUG m.itheima.dao.IUserDao.findAll  - <==      Total: 6
2022-03-12 11:13:09,988 433    [           main] DEBUG ansaction.jdbc.JdbcTransaction  - Resetting autocommit to true on JDBC Connection [com.mysql.jdbc.JDBC4Connection@78c03f1f]
2022-03-12 11:13:09,988 433    [           main] DEBUG ansaction.jdbc.JdbcTransaction  - Closing JDBC Connection [com.mysql.jdbc.JDBC4Connection@78c03f1f]
2022-03-12 11:13:09,989 434    [           main] DEBUG source.pooled.PooledDataSource  - Returned connection 2025864991 to pool.
